c:\users\ren40\desktop\code\cpp_learning\solution1\project11\debug\vc141.pdb
c:\users\ren40\desktop\code\cpp_learning\solution1\project11\debug\vc141.idb
c:\users\ren40\desktop\code\cpp_learning\solution1\project11\debug\project11.obj
c:\users\ren40\desktop\code\cpp_learning\solution1\project11\debug\human.obj
c:\users\ren40\desktop\code\cpp_learning\solution1\project11\debug\men.obj
c:\users\ren40\desktop\code\cpp_learning\solution1\project11\debug\women.obj
c:\users\ren40\desktop\code\cpp_learning\solution1\project11\debug\source.obj
c:\users\ren40\desktop\code\cpp_learning\solution1\project11\debug\func.obj
c:\users\ren40\desktop\code\cpp_learning\solution1\project11\debug\c.obj
c:\users\ren40\desktop\code\cpp_learning\solution1\project11\debug\a.obj
c:\users\ren40\desktop\code\cpp_learning\solution1\debug\project11.pdb
c:\users\ren40\desktop\code\cpp_learning\solution1\project11\debug\project11.tlog\cl.command.1.tlog
c:\users\ren40\desktop\code\cpp_learning\solution1\project11\debug\project11.tlog\cl.read.1.tlog
c:\users\ren40\desktop\code\cpp_learning\solution1\project11\debug\project11.tlog\cl.write.1.tlog
c:\users\ren40\desktop\code\cpp_learning\solution1\project11\debug\project11.tlog\link.17164-cvtres.read.1.tlog
c:\users\ren40\desktop\code\cpp_learning\solution1\project11\debug\project11.tlog\link.17164-cvtres.write.1.tlog
c:\users\ren40\desktop\code\cpp_learning\solution1\project11\debug\project11.tlog\link.17164-rc.read.1.tlog
c:\users\ren40\desktop\code\cpp_learning\solution1\project11\debug\project11.tlog\link.17164-rc.write.1.tlog
c:\users\ren40\desktop\code\cpp_learning\solution1\project11\debug\project11.tlog\link.17164.read.1.tlog
c:\users\ren40\desktop\code\cpp_learning\solution1\project11\debug\project11.tlog\link.17164.write.1.tlog
c:\users\ren40\desktop\code\cpp_learning\solution1\project11\debug\project11.tlog\link.command.1.tlog
c:\users\ren40\desktop\code\cpp_learning\solution1\project11\debug\project11.tlog\link.read.1.tlog
c:\users\ren40\desktop\code\cpp_learning\solution1\project11\debug\project11.tlog\link.write.1.tlog
