  Validating sources
  Copying sources remotely to '192.168.56.1'
  Validating architecture
  Starting remote build
  Compiling sources:
  ClassA.cpp
C:\Users\ren40\Desktop\code\unix\EXP1version2\EXP1version2\ClassA.cpp(81,11): warning : conversion to ‘int’ from ‘ssize_t {aka long int}’ may alter its value [-Wconversion]
C:\Users\ren40\Desktop\code\unix\EXP1version2\EXP1version2\ClassA.cpp(81,11): warning :   rd = read(fd, &x, sizeof(int));
C:\Users\ren40\Desktop\code\unix\EXP1version2\EXP1version2\ClassA.cpp(81,11): warning :        ~~~~^~~~~~~~~~~~~~~~~~~~~
C:\Users\ren40\Desktop\code\unix\EXP1version2\EXP1version2\ClassA.cpp(85,11): warning : conversion to ‘int’ from ‘ssize_t {aka long int}’ may alter its value [-Wconversion]
C:\Users\ren40\Desktop\code\unix\EXP1version2\EXP1version2\ClassA.cpp(85,11): warning :   rd = read(fd, &y, sizeof(char));
C:\Users\ren40\Desktop\code\unix\EXP1version2\EXP1version2\ClassA.cpp(85,11): warning :        ~~~~^~~~~~~~~~~~~~~~~~~~~~
  main.cpp
C:\Users\ren40\Desktop\code\unix\EXP1version2\EXP1version2\main.cpp(22,22): warning : comparison between signed and unsigned integer expressions [-Wsign-compare]
C:\Users\ren40\Desktop\code\unix\EXP1version2\EXP1version2\main.cpp(22,22): warning :    for (auto i = 0; i < v.size(); ++i)
C:\Users\ren40\Desktop\code\unix\EXP1version2\EXP1version2\main.cpp(22,22): warning :                     ~~^~~~~~~~~~
  SerializerForClassA.cpp
C:\Users\ren40\Desktop\code\unix\EXP1version2\EXP1version2\SerializerForClassA.cpp(14,21): warning : comparison between signed and unsigned integer expressions [-Wsign-compare]
C:\Users\ren40\Desktop\code\unix\EXP1version2\EXP1version2\SerializerForClassA.cpp(14,21): warning :   for (auto i = 0; i < v.size(); ++i)
C:\Users\ren40\Desktop\code\unix\EXP1version2\EXP1version2\SerializerForClassA.cpp(14,21): warning :                    ~~^~~~~~~~~~
  Linking objects
  EXP1version2.vcxproj -> C:\Users\ren40\Desktop\code\unix\EXP1version2\EXP1version2\bin\x64\Debug\EXP1version2.out
