c:\users\ren40\desktop\code\cpp_learning\solution1\project8\debug\vc141.pdb
c:\users\ren40\desktop\code\cpp_learning\solution1\project8\debug\vc141.idb
c:\users\ren40\desktop\code\cpp_learning\solution1\project8\debug\source.obj
c:\users\ren40\desktop\code\cpp_learning\solution1\project8\debug\timeclass.obj
c:\users\ren40\desktop\code\cpp_learning\solution1\project8\debug\source3.obj
c:\users\ren40\desktop\code\cpp_learning\solution1\project8\debug\source2.obj
c:\users\ren40\desktop\code\cpp_learning\solution1\debug\project8.exe
c:\users\ren40\desktop\code\cpp_learning\solution1\debug\project8.ilk
c:\users\ren40\desktop\code\cpp_learning\solution1\debug\project8.pdb
c:\users\ren40\desktop\code\cpp_learning\solution1\project8\debug\project8.tlog\cl.command.1.tlog
c:\users\ren40\desktop\code\cpp_learning\solution1\project8\debug\project8.tlog\cl.read.1.tlog
c:\users\ren40\desktop\code\cpp_learning\solution1\project8\debug\project8.tlog\cl.write.1.tlog
c:\users\ren40\desktop\code\cpp_learning\solution1\project8\debug\project8.tlog\link-cvtres.read.1.tlog
c:\users\ren40\desktop\code\cpp_learning\solution1\project8\debug\project8.tlog\link-cvtres.write.1.tlog
c:\users\ren40\desktop\code\cpp_learning\solution1\project8\debug\project8.tlog\link-rc.read.1.tlog
c:\users\ren40\desktop\code\cpp_learning\solution1\project8\debug\project8.tlog\link-rc.write.1.tlog
c:\users\ren40\desktop\code\cpp_learning\solution1\project8\debug\project8.tlog\link.7212-cvtres.read.1.tlog
c:\users\ren40\desktop\code\cpp_learning\solution1\project8\debug\project8.tlog\link.7212-cvtres.write.1.tlog
c:\users\ren40\desktop\code\cpp_learning\solution1\project8\debug\project8.tlog\link.7212-rc.read.1.tlog
c:\users\ren40\desktop\code\cpp_learning\solution1\project8\debug\project8.tlog\link.7212-rc.write.1.tlog
c:\users\ren40\desktop\code\cpp_learning\solution1\project8\debug\project8.tlog\link.7212.read.1.tlog
c:\users\ren40\desktop\code\cpp_learning\solution1\project8\debug\project8.tlog\link.7212.write.1.tlog
c:\users\ren40\desktop\code\cpp_learning\solution1\project8\debug\project8.tlog\link.command.1.tlog
c:\users\ren40\desktop\code\cpp_learning\solution1\project8\debug\project8.tlog\link.read.1.tlog
c:\users\ren40\desktop\code\cpp_learning\solution1\project8\debug\project8.tlog\link.write.1.tlog
