  Validating sources
  Copying sources remotely to '192.168.56.1'
  Validating architecture
  Starting remote build
  Compiling sources:
  ClassA.cpp
C:\Users\ren40\Desktop\code\unix\EXP1version3\EXP1version3\ClassA.cpp(34,11): warning : conversion to ‘int’ from ‘ssize_t {aka long int}’ may alter its value [-Wconversion]
C:\Users\ren40\Desktop\code\unix\EXP1version3\EXP1version3\ClassA.cpp(34,11): warning :   rd = read(fd, &x, sizeof(int));
C:\Users\ren40\Desktop\code\unix\EXP1version3\EXP1version3\ClassA.cpp(34,11): warning :        ~~~~^~~~~~~~~~~~~~~~~~~~~
C:\Users\ren40\Desktop\code\unix\EXP1version3\EXP1version3\ClassA.cpp(38,11): warning : conversion to ‘int’ from ‘ssize_t {aka long int}’ may alter its value [-Wconversion]
C:\Users\ren40\Desktop\code\unix\EXP1version3\EXP1version3\ClassA.cpp(38,11): warning :   rd = read(fd, &y, sizeof(char));
C:\Users\ren40\Desktop\code\unix\EXP1version3\EXP1version3\ClassA.cpp(38,11): warning :        ~~~~^~~~~~~~~~~~~~~~~~~~~~
  ClassB.cpp
C:\Users\ren40\Desktop\code\unix\EXP1version3\EXP1version3\ClassB.cpp(34,11): warning : conversion to ‘int’ from ‘ssize_t {aka long int}’ may alter its value [-Wconversion]
C:\Users\ren40\Desktop\code\unix\EXP1version3\EXP1version3\ClassB.cpp(34,11): warning :   rd = read(fd, &x, sizeof(char));
C:\Users\ren40\Desktop\code\unix\EXP1version3\EXP1version3\ClassB.cpp(34,11): warning :        ~~~~^~~~~~~~~~~~~~~~~~~~~~
C:\Users\ren40\Desktop\code\unix\EXP1version3\EXP1version3\ClassB.cpp(38,11): warning : conversion to ‘int’ from ‘ssize_t {aka long int}’ may alter its value [-Wconversion]
C:\Users\ren40\Desktop\code\unix\EXP1version3\EXP1version3\ClassB.cpp(38,11): warning :   rd = read(fd, &y, sizeof(char));
C:\Users\ren40\Desktop\code\unix\EXP1version3\EXP1version3\ClassB.cpp(38,11): warning :        ~~~~^~~~~~~~~~~~~~~~~~~~~~
  main.cpp
C:\Users\ren40\Desktop\code\unix\EXP1version3\EXP1version3\main.cpp(49,22): warning : comparison between signed and unsigned integer expressions [-Wsign-compare]
C:\Users\ren40\Desktop\code\unix\EXP1version3\EXP1version3\main.cpp(49,22): warning :    for (auto i = 0; i < v.size(); ++i)
C:\Users\ren40\Desktop\code\unix\EXP1version3\EXP1version3\main.cpp(49,22): warning :                     ~~^~~~~~~~~~
  Serializer.cpp
C:\Users\ren40\Desktop\code\unix\EXP1version3\EXP1version3\Serializer.cpp(15,21): warning : comparison between signed and unsigned integer expressions [-Wsign-compare]
C:\Users\ren40\Desktop\code\unix\EXP1version3\EXP1version3\Serializer.cpp(15,21): warning :   for (auto i = 0; i < v.size(); ++i) {
C:\Users\ren40\Desktop\code\unix\EXP1version3\EXP1version3\Serializer.cpp(15,21): warning :                    ~~^~~~~~~~~~
C:\Users\ren40\Desktop\code\unix\EXP1version3\EXP1version3\Serializer.cpp(49,16): warning : conversion to ‘int’ from ‘ssize_t {aka long int}’ may alter its value [-Wconversion]
C:\Users\ren40\Desktop\code\unix\EXP1version3\EXP1version3\Serializer.cpp(49,16): warning :    int rd = read(fd, &type, 4);
C:\Users\ren40\Desktop\code\unix\EXP1version3\EXP1version3\Serializer.cpp(49,16): warning :             ~~~~^~~~~~~~~~~~~~
C:\Users\ren40\Desktop\code\unix\EXP1version3\EXP1version3\Serializer.cpp(47,6): warning : unused variable ‘i’ [-Wunused-variable]
C:\Users\ren40\Desktop\code\unix\EXP1version3\EXP1version3\Serializer.cpp(47,6): warning :   int i = 0;
C:\Users\ren40\Desktop\code\unix\EXP1version3\EXP1version3\Serializer.cpp(47,6): warning :       ^
  Linking objects
  EXP1version3.vcxproj -> C:\Users\ren40\Desktop\code\unix\EXP1version3\EXP1version3\bin\x64\Debug\EXP1version3.out
